{
  "stats": {
    "suites": 1,
    "tests": 6,
    "passes": 6,
    "pending": 0,
    "failures": 0,
    "start": "2024-03-28T02:07:15.728Z",
    "end": "2024-03-28T02:07:20.242Z",
    "duration": 4514,
    "testsRegistered": 6,
    "passPercent": 100,
    "pendingPercent": 0,
    "other": 0,
    "hasOther": false,
    "skipped": 0,
    "hasSkipped": false
  },
  "results": [
    {
      "uuid": "f987a1d8-684e-424a-8415-f0a624f11c3c",
      "title": "",
      "fullFile": "cypress/e2e/fithub-technical-test/userCRUDTest.cy.js",
      "file": "cypress/e2e/fithub-technical-test/userCRUDTest.cy.js",
      "beforeHooks": [],
      "afterHooks": [],
      "tests": [],
      "suites": [
        {
          "uuid": "bcab9843-5693-4ca1-b660-5554080fa2c1",
          "title": "View and modify list user",
          "fullFile": "",
          "file": "",
          "beforeHooks": [],
          "afterHooks": [],
          "tests": [
            {
              "title": "should retrieve all list of users",
              "fullTitle": "View and modify list user should retrieve all list of users",
              "timedOut": null,
              "duration": 132,
              "state": "passed",
              "speed": "fast",
              "pass": true,
              "fail": false,
              "pending": false,
              "context": null,
              "code": "const fetchUsers = page => {\n  return cy.request('GET', `https://reqres.in/api/users?page=${page}`);\n};\ncy.request('GET', 'https://reqres.in/api/users?page=1').then(response => {\n  expect(response.status).to.eq(200);\n  expect(response.body).to.have.property('total_pages').and.to.be.a('number');\n  const totalPages = response.body.total_pages;\n  for (let page = 1; page <= totalPages; page++) {\n    fetchUsers(page).then(response => {\n      expect(response.status).to.eq(200);\n      expect(response.body).to.have.property('data').and.to.be.an('array');\n    });\n  }\n});",
              "err": {},
              "uuid": "a4187cb7-3870-46fc-adaf-650a741ab9a2",
              "parentUUID": "bcab9843-5693-4ca1-b660-5554080fa2c1",
              "isHook": false,
              "skipped": false
            },
            {
              "title": "should create a new user request",
              "fullTitle": "View and modify list user should create a new user request",
              "timedOut": null,
              "duration": 407,
              "state": "passed",
              "speed": "fast",
              "pass": true,
              "fail": false,
              "pending": false,
              "context": null,
              "code": "const newUser = {\n  name: 'Arlingga',\n  job: 'Sr. QA Engineer'\n};\ncy.request('POST', 'https://reqres.in/api/users', newUser).then(response => {\n  expect(response.status).to.eq(201);\n  expect(response.body).to.have.property('name', newUser.name);\n  expect(response.body).to.have.property('job', newUser.job);\n  expect(response.body).to.have.property('id');\n  expect(response.body.createdAt).to.match(/^\\d{4}-\\d{2}-\\d{2}T\\d{2}:\\d{2}:\\d{2}.\\d{3}Z$/);\n  expect(response.headers).to.have.property('content-type', 'application/json; charset=utf-8');\n});",
              "err": {},
              "uuid": "5f9af324-9c5b-489a-a537-05164f02e9ab",
              "parentUUID": "bcab9843-5693-4ca1-b660-5554080fa2c1",
              "isHook": false,
              "skipped": false
            },
            {
              "title": "should update user information",
              "fullTitle": "View and modify list user should update user information",
              "timedOut": null,
              "duration": 382,
              "state": "passed",
              "speed": "fast",
              "pass": true,
              "fail": false,
              "pending": false,
              "context": null,
              "code": "cy.requestAPI('PUT', 'https://reqres.in/api/users/2', {\n  name: 'Arlingga',\n  job: 'Sr. Front End Developer'\n}).then(response => {\n  expect(response.status).to.eq(200);\n  expect(response.body).to.have.property('name', 'Arlingga');\n  expect(response.body).to.have.property('job', 'Sr. Front End Developer');\n  expect(response.body.updatedAt).to.match(/^\\d{4}-\\d{2}-\\d{2}T\\d{2}:\\d{2}:\\d{2}.\\d{3}Z$/);\n});",
              "err": {},
              "uuid": "27e3b2df-895b-4a33-8995-1c4f095fa42f",
              "parentUUID": "bcab9843-5693-4ca1-b660-5554080fa2c1",
              "isHook": false,
              "skipped": false
            },
            {
              "title": "should delete user information",
              "fullTitle": "View and modify list user should delete user information",
              "timedOut": null,
              "duration": 404,
              "state": "passed",
              "speed": "fast",
              "pass": true,
              "fail": false,
              "pending": false,
              "context": null,
              "code": "cy.request('DELETE', 'https://reqres.in/api/users/1').then(response => {\n  expect(response.status).to.eq(204);\n});",
              "err": {},
              "uuid": "8e3e341f-7a20-4ec0-bc46-87edc479332f",
              "parentUUID": "bcab9843-5693-4ca1-b660-5554080fa2c1",
              "isHook": false,
              "skipped": false
            },
            {
              "title": "should view detail user information",
              "fullTitle": "View and modify list user should view detail user information",
              "timedOut": null,
              "duration": 60,
              "state": "passed",
              "speed": "fast",
              "pass": true,
              "fail": false,
              "pending": false,
              "context": null,
              "code": "cy.request('GET', 'https://reqres.in/api/users/1').then(response => {\n  expect(response.status).to.eq(200);\n  expect(response.body).to.have.property('data');\n  const data = response.body.data;\n  expect(data).to.have.property('id').and.to.be.a('number');\n  expect(data).to.have.property('email').and.to.be.a('string');\n  expect(data).to.have.property('first_name').and.to.be.a('string');\n  expect(data).to.have.property('last_name').and.to.be.a('string');\n  expect(data).to.have.property('avatar').and.to.be.a('string');\n  // Assert if user avatar = null, skip file format assertion\n  const avatarUrl = response.body.data.avatar;\n  if (avatarUrl !== null) {\n    const fileFormatRegex = /\\.(jpg|jpeg|png|gif)$/;\n    expect(avatarUrl).to.match(fileFormatRegex);\n  } else {\n    cy.log('Avatar URL is null. skip avatar format assertion.');\n  }\n});",
              "err": {},
              "uuid": "99a7ff48-5022-48fb-b1c0-4f74ed901c81",
              "parentUUID": "bcab9843-5693-4ca1-b660-5554080fa2c1",
              "isHook": false,
              "skipped": false
            },
            {
              "title": "wait for video record duration purpose",
              "fullTitle": "View and modify list user wait for video record duration purpose",
              "timedOut": null,
              "duration": 3027,
              "state": "passed",
              "speed": "fast",
              "pass": true,
              "fail": false,
              "pending": false,
              "context": null,
              "code": "cy.wait(3000);",
              "err": {},
              "uuid": "83e71d6f-3dd9-463d-87c4-b0b327f55f4f",
              "parentUUID": "bcab9843-5693-4ca1-b660-5554080fa2c1",
              "isHook": false,
              "skipped": false
            }
          ],
          "suites": [],
          "passes": [
            "a4187cb7-3870-46fc-adaf-650a741ab9a2",
            "5f9af324-9c5b-489a-a537-05164f02e9ab",
            "27e3b2df-895b-4a33-8995-1c4f095fa42f",
            "8e3e341f-7a20-4ec0-bc46-87edc479332f",
            "99a7ff48-5022-48fb-b1c0-4f74ed901c81",
            "83e71d6f-3dd9-463d-87c4-b0b327f55f4f"
          ],
          "failures": [],
          "pending": [],
          "skipped": [],
          "duration": 4412,
          "root": false,
          "rootEmpty": false,
          "_timeout": 2000
        }
      ],
      "passes": [],
      "failures": [],
      "pending": [],
      "skipped": [],
      "duration": 0,
      "root": true,
      "rootEmpty": true,
      "_timeout": 2000
    }
  ],
  "meta": {
    "mocha": {
      "version": "7.0.1"
    },
    "mochawesome": {
      "options": {
        "quiet": false,
        "reportFilename": "mochawesome",
        "saveHtml": true,
        "saveJson": true,
        "consoleReporter": "spec",
        "useInlineDiffs": false,
        "code": true
      },
      "version": "7.1.3"
    },
    "marge": {
      "options": {
        "reportDir": "cypress/reports",
        "overwrite": false,
        "html": true,
        "json": true
      },
      "version": "6.2.0"
    }
  }
}