{
  "stats": {
    "suites": 1,
    "tests": 6,
    "passes": 6,
    "pending": 0,
    "failures": 0,
    "start": "2024-03-28T02:06:58.731Z",
    "end": "2024-03-28T02:07:07.059Z",
    "duration": 8328,
    "testsRegistered": 6,
    "passPercent": 100,
    "pendingPercent": 0,
    "other": 0,
    "hasOther": false,
    "skipped": 0,
    "hasSkipped": false
  },
  "results": [
    {
      "uuid": "435deb06-fdf9-4c88-9092-b13740f284a1",
      "title": "",
      "fullFile": "cypress/e2e/fithub-technical-test/loginTest.cy.js",
      "file": "cypress/e2e/fithub-technical-test/loginTest.cy.js",
      "beforeHooks": [],
      "afterHooks": [],
      "tests": [],
      "suites": [
        {
          "uuid": "4f015fa3-4db0-4e09-a369-05281278c9e4",
          "title": "Login API https://reqres.in/ Test Case",
          "fullFile": "",
          "file": "",
          "beforeHooks": [],
          "afterHooks": [],
          "tests": [
            {
              "title": "Positive case - Login with valid credentials",
              "fullTitle": "Login API https://reqres.in/ Test Case Positive case - Login with valid credentials",
              "timedOut": null,
              "duration": 581,
              "state": "passed",
              "speed": "fast",
              "pass": true,
              "fail": false,
              "pending": false,
              "context": null,
              "code": "cy.requestAPI('POST', 'https://reqres.in/api/login', {\n  username: 'eve.holt@reqres.in',\n  password: 'cityslicka'\n}).then(response => {\n  expect(response.status).to.equal(200);\n  expect(response.body).to.have.property('token');\n});",
              "err": {},
              "uuid": "e233a9b9-850e-4f42-9cd3-8aa0fffaa6f1",
              "parentUUID": "4f015fa3-4db0-4e09-a369-05281278c9e4",
              "isHook": false,
              "skipped": false
            },
            {
              "title": "Get list user with delay response after login success",
              "fullTitle": "Login API https://reqres.in/ Test Case Get list user with delay response after login success",
              "timedOut": null,
              "duration": 3429,
              "state": "passed",
              "speed": "fast",
              "pass": true,
              "fail": false,
              "pending": false,
              "context": null,
              "code": "cy.request('GET', 'https://reqres.in/api/users?delay=3').then(response => {\n  expect(response.status).to.eq(200);\n  expect(response.body).to.have.property('total_pages').and.to.be.a('number');\n  expect(response.body).to.have.property('data').and.to.be.an('array');\n});",
              "err": {},
              "uuid": "b4339c02-729d-43a8-8e42-8cd721151ca4",
              "parentUUID": "4f015fa3-4db0-4e09-a369-05281278c9e4",
              "isHook": false,
              "skipped": false
            },
            {
              "title": "Negative case - Login with invalid credentials",
              "fullTitle": "Login API https://reqres.in/ Test Case Negative case - Login with invalid credentials",
              "timedOut": null,
              "duration": 424,
              "state": "passed",
              "speed": "fast",
              "pass": true,
              "fail": false,
              "pending": false,
              "context": null,
              "code": "cy.request({\n  method: 'POST',\n  url: 'https://reqres.in/api/login',\n  body: {\n    email: 'arlingga@outlook.co.id',\n    password: 'invalidpassword'\n  },\n  failOnStatusCode: false\n}).then(response => {\n  expect(response.status).to.equal(400);\n  expect(response.body).to.have.property('error');\n});",
              "err": {},
              "uuid": "37bac764-b153-443f-93fc-0fb1e2084cb9",
              "parentUUID": "4f015fa3-4db0-4e09-a369-05281278c9e4",
              "isHook": false,
              "skipped": false
            },
            {
              "title": "Negative case - Login without input password",
              "fullTitle": "Login API https://reqres.in/ Test Case Negative case - Login without input password",
              "timedOut": null,
              "duration": 380,
              "state": "passed",
              "speed": "fast",
              "pass": true,
              "fail": false,
              "pending": false,
              "context": null,
              "code": "cy.requestAPIWithError('POST', 'https://reqres.in/api/login', {\n  username: 'peter@klaven'\n}, {\n  failOnStatusCode: false\n}).then(response => {\n  expect(response.status).to.equal(400);\n  expect(response.body).to.have.property('error');\n});",
              "err": {},
              "uuid": "19e95205-a14d-4df3-8d58-48634aa93909",
              "parentUUID": "4f015fa3-4db0-4e09-a369-05281278c9e4",
              "isHook": false,
              "skipped": false
            },
            {
              "title": "Negative case - Login without input email",
              "fullTitle": "Login API https://reqres.in/ Test Case Negative case - Login without input email",
              "timedOut": null,
              "duration": 413,
              "state": "passed",
              "speed": "fast",
              "pass": true,
              "fail": false,
              "pending": false,
              "context": null,
              "code": "cy.requestAPIWithError('POST', 'https://reqres.in/api/login', {\n  password: 'cityslicka'\n}, {\n  failOnStatusCode: false\n}).then(response => {\n  expect(response.status).to.equal(400);\n  expect(response.body).to.have.property('error');\n});",
              "err": {},
              "uuid": "172fd03a-8489-4b8d-a026-670bcc068918",
              "parentUUID": "4f015fa3-4db0-4e09-a369-05281278c9e4",
              "isHook": false,
              "skipped": false
            },
            {
              "title": "wait for video record duration purpose",
              "fullTitle": "Login API https://reqres.in/ Test Case wait for video record duration purpose",
              "timedOut": null,
              "duration": 3008,
              "state": "passed",
              "speed": "fast",
              "pass": true,
              "fail": false,
              "pending": false,
              "context": null,
              "code": "cy.wait(3000);",
              "err": {},
              "uuid": "5546c1bf-a721-41a4-86d8-43a1968dd6c7",
              "parentUUID": "4f015fa3-4db0-4e09-a369-05281278c9e4",
              "isHook": false,
              "skipped": false
            }
          ],
          "suites": [],
          "passes": [
            "e233a9b9-850e-4f42-9cd3-8aa0fffaa6f1",
            "b4339c02-729d-43a8-8e42-8cd721151ca4",
            "37bac764-b153-443f-93fc-0fb1e2084cb9",
            "19e95205-a14d-4df3-8d58-48634aa93909",
            "172fd03a-8489-4b8d-a026-670bcc068918",
            "5546c1bf-a721-41a4-86d8-43a1968dd6c7"
          ],
          "failures": [],
          "pending": [],
          "skipped": [],
          "duration": 8235,
          "root": false,
          "rootEmpty": false,
          "_timeout": 2000
        }
      ],
      "passes": [],
      "failures": [],
      "pending": [],
      "skipped": [],
      "duration": 0,
      "root": true,
      "rootEmpty": true,
      "_timeout": 2000
    }
  ],
  "meta": {
    "mocha": {
      "version": "7.0.1"
    },
    "mochawesome": {
      "options": {
        "quiet": false,
        "reportFilename": "mochawesome",
        "saveHtml": true,
        "saveJson": true,
        "consoleReporter": "spec",
        "useInlineDiffs": false,
        "code": true
      },
      "version": "7.1.3"
    },
    "marge": {
      "options": {
        "reportDir": "cypress/reports",
        "overwrite": false,
        "html": true,
        "json": true
      },
      "version": "6.2.0"
    }
  }
}