{
  "stats": {
    "suites": 1,
    "tests": 5,
    "passes": 5,
    "pending": 0,
    "failures": 0,
    "start": "2024-03-27T17:21:01.499Z",
    "end": "2024-03-27T17:21:06.392Z",
    "duration": 4893,
    "testsRegistered": 5,
    "passPercent": 100,
    "pendingPercent": 0,
    "other": 0,
    "hasOther": false,
    "skipped": 0,
    "hasSkipped": false
  },
  "results": [
    {
      "uuid": "ba6d1652-1b85-44a1-a0fc-bb272277af54",
      "title": "",
      "fullFile": "cypress/e2e/fithub-technical-test/loginTest.cy.js",
      "file": "cypress/e2e/fithub-technical-test/loginTest.cy.js",
      "beforeHooks": [],
      "afterHooks": [],
      "tests": [],
      "suites": [
        {
          "uuid": "d27b3cb9-4993-41b1-b7ea-86574fb4f98f",
          "title": "Login API https://reqres.in/ Test Case",
          "fullFile": "",
          "file": "",
          "beforeHooks": [],
          "afterHooks": [],
          "tests": [
            {
              "title": "Positive case - Login with valid credentials",
              "fullTitle": "Login API https://reqres.in/ Test Case Positive case - Login with valid credentials",
              "timedOut": null,
              "duration": 609,
              "state": "passed",
              "speed": "fast",
              "pass": true,
              "fail": false,
              "pending": false,
              "context": null,
              "code": "cy.requestAPI('POST', 'https://reqres.in/api/login', {\n  username: 'eve.holt@reqres.in',\n  password: 'cityslicka'\n}).then(response => {\n  expect(response.status).to.equal(200);\n  expect(response.body).to.have.property('token');\n});",
              "err": {},
              "uuid": "f6685905-79dd-42d4-a971-389022cbbf00",
              "parentUUID": "d27b3cb9-4993-41b1-b7ea-86574fb4f98f",
              "isHook": false,
              "skipped": false
            },
            {
              "title": "Negative case - Login with invalid credentials",
              "fullTitle": "Login API https://reqres.in/ Test Case Negative case - Login with invalid credentials",
              "timedOut": null,
              "duration": 410,
              "state": "passed",
              "speed": "fast",
              "pass": true,
              "fail": false,
              "pending": false,
              "context": null,
              "code": "cy.request({\n  method: 'POST',\n  url: 'https://reqres.in/api/login',\n  body: {\n    email: 'arlingga@outlook.co.id',\n    password: 'invalidpassword'\n  },\n  failOnStatusCode: false\n}).then(response => {\n  expect(response.status).to.equal(400);\n  expect(response.body).to.have.property('error');\n});",
              "err": {},
              "uuid": "00498b42-66a9-4ae2-bb0a-6b0ce59b1859",
              "parentUUID": "d27b3cb9-4993-41b1-b7ea-86574fb4f98f",
              "isHook": false,
              "skipped": false
            },
            {
              "title": "Negative case - Login without input password",
              "fullTitle": "Login API https://reqres.in/ Test Case Negative case - Login without input password",
              "timedOut": null,
              "duration": 393,
              "state": "passed",
              "speed": "fast",
              "pass": true,
              "fail": false,
              "pending": false,
              "context": null,
              "code": "cy.requestAPIWithError('POST', 'https://reqres.in/api/login', {\n  username: 'peter@klaven'\n}, {\n  failOnStatusCode: false\n}).then(response => {\n  expect(response.status).to.equal(400);\n  expect(response.body).to.have.property('error');\n});",
              "err": {},
              "uuid": "54c8423b-4e25-45d5-92a5-3c9fed4216cd",
              "parentUUID": "d27b3cb9-4993-41b1-b7ea-86574fb4f98f",
              "isHook": false,
              "skipped": false
            },
            {
              "title": "Negative case - Login without input email",
              "fullTitle": "Login API https://reqres.in/ Test Case Negative case - Login without input email",
              "timedOut": null,
              "duration": 398,
              "state": "passed",
              "speed": "fast",
              "pass": true,
              "fail": false,
              "pending": false,
              "context": null,
              "code": "cy.requestAPIWithError('POST', 'https://reqres.in/api/login', {\n  password: 'cityslicka'\n}, {\n  failOnStatusCode: false\n}).then(response => {\n  expect(response.status).to.equal(400);\n  expect(response.body).to.have.property('error');\n});",
              "err": {},
              "uuid": "c49ce7bf-b214-473a-b6ba-06f657930003",
              "parentUUID": "d27b3cb9-4993-41b1-b7ea-86574fb4f98f",
              "isHook": false,
              "skipped": false
            },
            {
              "title": "wait for video record duration purpose",
              "fullTitle": "Login API https://reqres.in/ Test Case wait for video record duration purpose",
              "timedOut": null,
              "duration": 3011,
              "state": "passed",
              "speed": "fast",
              "pass": true,
              "fail": false,
              "pending": false,
              "context": null,
              "code": "cy.wait(3000);",
              "err": {},
              "uuid": "ee7f8507-8d66-43df-9966-ae6398ef9f92",
              "parentUUID": "d27b3cb9-4993-41b1-b7ea-86574fb4f98f",
              "isHook": false,
              "skipped": false
            }
          ],
          "suites": [],
          "passes": [
            "f6685905-79dd-42d4-a971-389022cbbf00",
            "00498b42-66a9-4ae2-bb0a-6b0ce59b1859",
            "54c8423b-4e25-45d5-92a5-3c9fed4216cd",
            "c49ce7bf-b214-473a-b6ba-06f657930003",
            "ee7f8507-8d66-43df-9966-ae6398ef9f92"
          ],
          "failures": [],
          "pending": [],
          "skipped": [],
          "duration": 4821,
          "root": false,
          "rootEmpty": false,
          "_timeout": 2000
        }
      ],
      "passes": [],
      "failures": [],
      "pending": [],
      "skipped": [],
      "duration": 0,
      "root": true,
      "rootEmpty": true,
      "_timeout": 2000
    }
  ],
  "meta": {
    "mocha": {
      "version": "7.0.1"
    },
    "mochawesome": {
      "options": {
        "quiet": false,
        "reportFilename": "mochawesome",
        "saveHtml": true,
        "saveJson": true,
        "consoleReporter": "spec",
        "useInlineDiffs": false,
        "code": true
      },
      "version": "7.1.3"
    },
    "marge": {
      "options": {
        "reportDir": "cypress/reports",
        "overwrite": false,
        "html": true,
        "json": true
      },
      "version": "6.2.0"
    }
  }
}